CRITICAL - 2024-01-29 04:06:35 --> ErrorException: Undefined variable $no
in APPPATH\Views\produk.php on line 143.
 1 APPPATH\Views\produk.php(143): CodeIgniter\Debug\Exceptions->errorHandler(2, 'Undefined variable $no', 'F:\\sss\\UKK\\ci4\\app\\Views\\produk.php', 143)
 2 SYSTEMPATH\View\View.php(228): include('F:\\sss\\UKK\\ci4\\app\\Views\\produk.php')
 3 SYSTEMPATH\View\View.php(231): CodeIgniter\View\View->CodeIgniter\View\{closure}()
 4 SYSTEMPATH\Common.php(1178): CodeIgniter\View\View->render('produk', [], true)
 5 APPPATH\Controllers\Produk.php(10): view('produk')
 6 SYSTEMPATH\CodeIgniter.php(941): App\Controllers\Produk->index()
 7 SYSTEMPATH\CodeIgniter.php(502): CodeIgniter\CodeIgniter->runController(Object(App\Controllers\Produk))
 8 SYSTEMPATH\CodeIgniter.php(361): CodeIgniter\CodeIgniter->handleRequest(null, Object(Config\Cache), false)
 9 FCPATH\index.php(79): CodeIgniter\CodeIgniter->run()
10 SYSTEMPATH\Commands\Server\rewrite.php(47): require_once('F:\\sss\\UKK\\ci4\\public\\index.php')
CRITICAL - 2024-01-29 04:17:15 --> ParseError: syntax error, unexpected end of file
in APPPATH\Views\produk.php on line 396.
 1 SYSTEMPATH\View\View.php(231): CodeIgniter\View\View->CodeIgniter\View\{closure}()
 2 SYSTEMPATH\Common.php(1178): CodeIgniter\View\View->render('produk', [], true)
 3 APPPATH\Controllers\Produk.php(10): view('produk')
 4 SYSTEMPATH\CodeIgniter.php(941): App\Controllers\Produk->index()
 5 SYSTEMPATH\CodeIgniter.php(502): CodeIgniter\CodeIgniter->runController(Object(App\Controllers\Produk))
 6 SYSTEMPATH\CodeIgniter.php(361): CodeIgniter\CodeIgniter->handleRequest(null, Object(Config\Cache), false)
 7 FCPATH\index.php(79): CodeIgniter\CodeIgniter->run()
 8 SYSTEMPATH\Commands\Server\rewrite.php(47): require_once('F:\\sss\\UKK\\ci4\\public\\index.php')
CRITICAL - 2024-01-29 04:20:48 --> ErrorException: Undefined variable $data
in APPPATH\Views\produk.php on line 142.
 1 APPPATH\Views\produk.php(142): CodeIgniter\Debug\Exceptions->errorHandler(2, 'Undefined variable $data', 'F:\\sss\\UKK\\ci4\\app\\Views\\produk.php', 142)
 2 SYSTEMPATH\View\View.php(228): include('F:\\sss\\UKK\\ci4\\app\\Views\\produk.php')
 3 SYSTEMPATH\View\View.php(231): CodeIgniter\View\View->CodeIgniter\View\{closure}()
 4 SYSTEMPATH\Common.php(1178): CodeIgniter\View\View->render('produk', [], true)
 5 APPPATH\Controllers\Produk.php(10): view('produk')
 6 SYSTEMPATH\CodeIgniter.php(941): App\Controllers\Produk->index()
 7 SYSTEMPATH\CodeIgniter.php(502): CodeIgniter\CodeIgniter->runController(Object(App\Controllers\Produk))
 8 SYSTEMPATH\CodeIgniter.php(361): CodeIgniter\CodeIgniter->handleRequest(null, Object(Config\Cache), false)
 9 FCPATH\index.php(79): CodeIgniter\CodeIgniter->run()
10 SYSTEMPATH\Commands\Server\rewrite.php(47): require_once('F:\\sss\\UKK\\ci4\\public\\index.php')
CRITICAL - 2024-01-29 04:37:56 --> ErrorException: Undefined variable $data
in APPPATH\Views\produk.php on line 142.
 1 APPPATH\Views\produk.php(142): CodeIgniter\Debug\Exceptions->errorHandler(2, 'Undefined variable $data', 'F:\\sss\\UKK\\ci4\\app\\Views\\produk.php', 142)
 2 SYSTEMPATH\View\View.php(228): include('F:\\sss\\UKK\\ci4\\app\\Views\\produk.php')
 3 SYSTEMPATH\View\View.php(231): CodeIgniter\View\View->CodeIgniter\View\{closure}()
 4 SYSTEMPATH\Common.php(1178): CodeIgniter\View\View->render('produk', [], true)
 5 APPPATH\Controllers\Produk.php(10): view('produk')
 6 SYSTEMPATH\CodeIgniter.php(941): App\Controllers\Produk->index()
 7 SYSTEMPATH\CodeIgniter.php(502): CodeIgniter\CodeIgniter->runController(Object(App\Controllers\Produk))
 8 SYSTEMPATH\CodeIgniter.php(361): CodeIgniter\CodeIgniter->handleRequest(null, Object(Config\Cache), false)
 9 FCPATH\index.php(79): CodeIgniter\CodeIgniter->run()
10 SYSTEMPATH\Commands\Server\rewrite.php(47): require_once('F:\\sss\\UKK\\ci4\\public\\index.php')
CRITICAL - 2024-01-29 04:38:57 --> ErrorException: Undefined variable $data
in APPPATH\Views\produk.php on line 142.
 1 APPPATH\Views\produk.php(142): CodeIgniter\Debug\Exceptions->errorHandler(2, 'Undefined variable $data', 'F:\\sss\\UKK\\ci4\\app\\Views\\produk.php', 142)
 2 SYSTEMPATH\View\View.php(228): include('F:\\sss\\UKK\\ci4\\app\\Views\\produk.php')
 3 SYSTEMPATH\View\View.php(231): CodeIgniter\View\View->CodeIgniter\View\{closure}()
 4 SYSTEMPATH\Common.php(1178): CodeIgniter\View\View->render('produk', [], true)
 5 APPPATH\Controllers\Produk.php(10): view('produk')
 6 SYSTEMPATH\CodeIgniter.php(941): App\Controllers\Produk->index()
 7 SYSTEMPATH\CodeIgniter.php(502): CodeIgniter\CodeIgniter->runController(Object(App\Controllers\Produk))
 8 SYSTEMPATH\CodeIgniter.php(361): CodeIgniter\CodeIgniter->handleRequest(null, Object(Config\Cache), false)
 9 FCPATH\index.php(79): CodeIgniter\CodeIgniter->run()
10 SYSTEMPATH\Commands\Server\rewrite.php(47): require_once('F:\\sss\\UKK\\ci4\\public\\index.php')
CRITICAL - 2024-01-29 04:38:58 --> ErrorException: Undefined variable $data
in APPPATH\Views\produk.php on line 142.
 1 APPPATH\Views\produk.php(142): CodeIgniter\Debug\Exceptions->errorHandler(2, 'Undefined variable $data', 'F:\\sss\\UKK\\ci4\\app\\Views\\produk.php', 142)
 2 SYSTEMPATH\View\View.php(228): include('F:\\sss\\UKK\\ci4\\app\\Views\\produk.php')
 3 SYSTEMPATH\View\View.php(231): CodeIgniter\View\View->CodeIgniter\View\{closure}()
 4 SYSTEMPATH\Common.php(1178): CodeIgniter\View\View->render('produk', [], true)
 5 APPPATH\Controllers\Produk.php(10): view('produk')
 6 SYSTEMPATH\CodeIgniter.php(941): App\Controllers\Produk->index()
 7 SYSTEMPATH\CodeIgniter.php(502): CodeIgniter\CodeIgniter->runController(Object(App\Controllers\Produk))
 8 SYSTEMPATH\CodeIgniter.php(361): CodeIgniter\CodeIgniter->handleRequest(null, Object(Config\Cache), false)
 9 FCPATH\index.php(79): CodeIgniter\CodeIgniter->run()
10 SYSTEMPATH\Commands\Server\rewrite.php(47): require_once('F:\\sss\\UKK\\ci4\\public\\index.php')
CRITICAL - 2024-01-29 04:39:07 --> ErrorException: Undefined variable $data
in APPPATH\Views\produk.php on line 142.
 1 APPPATH\Views\produk.php(142): CodeIgniter\Debug\Exceptions->errorHandler(2, 'Undefined variable $data', 'F:\\sss\\UKK\\ci4\\app\\Views\\produk.php', 142)
 2 SYSTEMPATH\View\View.php(228): include('F:\\sss\\UKK\\ci4\\app\\Views\\produk.php')
 3 SYSTEMPATH\View\View.php(231): CodeIgniter\View\View->CodeIgniter\View\{closure}()
 4 SYSTEMPATH\Common.php(1178): CodeIgniter\View\View->render('produk', [], true)
 5 APPPATH\Controllers\Produk.php(10): view('produk')
 6 SYSTEMPATH\CodeIgniter.php(941): App\Controllers\Produk->index()
 7 SYSTEMPATH\CodeIgniter.php(502): CodeIgniter\CodeIgniter->runController(Object(App\Controllers\Produk))
 8 SYSTEMPATH\CodeIgniter.php(361): CodeIgniter\CodeIgniter->handleRequest(null, Object(Config\Cache), false)
 9 FCPATH\index.php(79): CodeIgniter\CodeIgniter->run()
10 SYSTEMPATH\Commands\Server\rewrite.php(47): require_once('F:\\sss\\UKK\\ci4\\public\\index.php')
CRITICAL - 2024-01-29 04:39:30 --> ErrorException: Undefined variable $row
in APPPATH\Views\produk.php on line 148.
 1 APPPATH\Views\produk.php(148): CodeIgniter\Debug\Exceptions->errorHandler(2, 'Undefined variable $row', 'F:\\sss\\UKK\\ci4\\app\\Views\\produk.php', 148)
 2 SYSTEMPATH\View\View.php(228): include('F:\\sss\\UKK\\ci4\\app\\Views\\produk.php')
 3 SYSTEMPATH\View\View.php(231): CodeIgniter\View\View->CodeIgniter\View\{closure}()
 4 SYSTEMPATH\Common.php(1178): CodeIgniter\View\View->render('produk', [], true)
 5 APPPATH\Controllers\Produk.php(10): view('produk')
 6 SYSTEMPATH\CodeIgniter.php(941): App\Controllers\Produk->index()
 7 SYSTEMPATH\CodeIgniter.php(502): CodeIgniter\CodeIgniter->runController(Object(App\Controllers\Produk))
 8 SYSTEMPATH\CodeIgniter.php(361): CodeIgniter\CodeIgniter->handleRequest(null, Object(Config\Cache), false)
 9 FCPATH\index.php(79): CodeIgniter\CodeIgniter->run()
10 SYSTEMPATH\Commands\Server\rewrite.php(47): require_once('F:\\sss\\UKK\\ci4\\public\\index.php')
