CRITICAL - 2024-01-24 04:05:56 --> CodeIgniter\Exceptions\ConfigException: Config\App::$baseURL "localhost:8080/" is not a valid URL.
in SYSTEMPATH\HTTP\SiteURI.php on line 199.
 1 SYSTEMPATH\HTTP\SiteURI.php(145): CodeIgniter\HTTP\SiteURI->normalizeBaseURL(Object(Config\App))
 2 SYSTEMPATH\HTTP\SiteURI.php(100): CodeIgniter\HTTP\SiteURI->determineBaseURL(Object(Config\App), null, null)
 3 SYSTEMPATH\HTTP\CLIRequest.php(78): CodeIgniter\HTTP\SiteURI->__construct(Object(Config\App), 'serve')
 4 SYSTEMPATH\Config\Services.php(144): CodeIgniter\HTTP\CLIRequest->__construct(Object(Config\App))
 5 SYSTEMPATH\Config\BaseService.php(258): CodeIgniter\Config\Services::clirequest(Object(Config\App), false)
 6 SYSTEMPATH\Config\BaseService.php(199): CodeIgniter\Config\BaseService::__callStatic('clirequest', [...])
 7 SYSTEMPATH\Config\Services.php(139): CodeIgniter\Config\BaseService::getSharedInstance('clirequest', Object(Config\App))
 8 SYSTEMPATH\Config\BaseService.php(258): CodeIgniter\Config\Services::clirequest(Object(Config\App))
 9 SYSTEMPATH\Config\Services.php(537): CodeIgniter\Config\BaseService::__callStatic('clirequest', [...])
10 SYSTEMPATH\Config\BaseService.php(258): CodeIgniter\Config\Services::createRequest(Object(Config\App), true)
11 SYSTEMPATH\CLI\Console.php(37): CodeIgniter\Config\BaseService::__callStatic('createRequest', [...])
12 ROOTPATH\spark(102): CodeIgniter\CLI\Console->run()
CRITICAL - 2024-01-24 04:05:56 --> ErrorException: Uncaught CodeIgniter\Exceptions\ConfigException: Config\App::$baseURL "localhost:8080/" is not a valid URL. in C:\xampp\htdocs\ci4\system\HTTP\SiteURI.php:199
Stack trace:
#0 C:\xampp\htdocs\ci4\system\HTTP\SiteURI.php(145): CodeIgniter\HTTP\SiteURI->normalizeBaseURL(Object(Config\App))
#1 C:\xampp\htdocs\ci4\system\HTTP\SiteURI.php(100): CodeIgniter\HTTP\SiteURI->determineBaseURL(Object(Config\App), NULL, NULL)
#2 C:\xampp\htdocs\ci4\system\HTTP\SiteURIFactory.php(224): CodeIgniter\HTTP\SiteURI->__construct(Object(Config\App), '/', NULL)
#3 C:\xampp\htdocs\ci4\system\HTTP\SiteURIFactory.php(45): CodeIgniter\HTTP\SiteURIFactory->createURIFromRoutePath('/')
#4 C:\xampp\htdocs\ci4\system\Config\Services.php(799): CodeIgniter\HTTP\SiteURIFactory->createFromGlobals()
#5 C:\xampp\htdocs\ci4\system\Config\BaseService.php(258): CodeIgniter\Config\Services::uri(NULL, false)
#6 C:\xampp\htdocs\ci4\system\Config\BaseService.php(199): CodeIgniter\Config\BaseService::__callStatic('uri', Array)
#7 C:\xampp\htdocs\ci4\syst
【Previous Exception】
CodeIgniter\Exceptions\ConfigException
Config\App::$baseURL "localhost:8080/" is not a valid URL.
#0 C:\xampp\htdocs\ci4\system\HTTP\SiteURI.php(145): CodeIgniter\HTTP\SiteURI->normalizeBaseURL(Object(Config\App))
#1 C:\xampp\htdocs\ci4\system\HTTP\SiteURI.php(100): CodeIgniter\HTTP\SiteURI->determineBaseURL(Object(Config\App), NULL, NULL)
#2 C:\xampp\htdocs\ci4\system\HTTP\CLIRequest.php(78): CodeIgniter\HTTP\SiteURI->__construct(Object(Config\App), 'serve')
#3 C:\xampp\htdocs\ci4\system\Config\Services.php(144): CodeIgniter\HTTP\CLIRequest->__construct(Object(Config\App))
#4 C:\xampp\htdocs\ci4\system\Config\BaseService.php(258): CodeIgniter\Config\Services::clirequest(Object(Config\App), false)
#5 C:\xampp\htdocs\ci4\system\Config\BaseService.php(199): CodeIgniter\Config\BaseService::__callStatic('clirequest', Array)
#6 C:\xampp\htdocs\ci4\system\Config\Services.php(139): CodeIgniter\Config\BaseService::getSharedInstance('clirequest', Object(Config\App))
#7 C:\xampp\htdocs\ci4\system\Config\BaseService.php(258): CodeIgniter\Config\Services::clirequest(Object(Config\App))
#8 C:\xampp\htdocs\ci4\system\Config\Services.php(537): CodeIgniter\Config\BaseService::__callStatic('clirequest', Array)
#9 C:\xampp\htdocs\ci4\system\Config\BaseService.php(258): CodeIgniter\Config\Services::createRequest(Object(Config\App), true)
#10 C:\xampp\htdocs\ci4\system\CLI\Console.php(37): CodeIgniter\Config\BaseService::__callStatic('createRequest', Array)
#11 C:\xampp\htdocs\ci4\spark(102): CodeIgniter\CLI\Console->run()
#12 {main}
in SYSTEMPATH\HTTP\SiteURI.php on line 199.
 1 [internal function]: CodeIgniter\Debug\Exceptions->shutdownHandler()
CRITICAL - 2024-01-24 04:06:27 --> CodeIgniter\Exceptions\ConfigException: Config\App::$baseURL "/" is not a valid URL.
in SYSTEMPATH\HTTP\SiteURI.php on line 199.
 1 SYSTEMPATH\HTTP\SiteURI.php(145): CodeIgniter\HTTP\SiteURI->normalizeBaseURL(Object(Config\App))
 2 SYSTEMPATH\HTTP\SiteURI.php(100): CodeIgniter\HTTP\SiteURI->determineBaseURL(Object(Config\App), null, null)
 3 SYSTEMPATH\HTTP\CLIRequest.php(78): CodeIgniter\HTTP\SiteURI->__construct(Object(Config\App), 'serve')
 4 SYSTEMPATH\Config\Services.php(144): CodeIgniter\HTTP\CLIRequest->__construct(Object(Config\App))
 5 SYSTEMPATH\Config\BaseService.php(258): CodeIgniter\Config\Services::clirequest(Object(Config\App), false)
 6 SYSTEMPATH\Config\BaseService.php(199): CodeIgniter\Config\BaseService::__callStatic('clirequest', [...])
 7 SYSTEMPATH\Config\Services.php(139): CodeIgniter\Config\BaseService::getSharedInstance('clirequest', Object(Config\App))
 8 SYSTEMPATH\Config\BaseService.php(258): CodeIgniter\Config\Services::clirequest(Object(Config\App))
 9 SYSTEMPATH\Config\Services.php(537): CodeIgniter\Config\BaseService::__callStatic('clirequest', [...])
10 SYSTEMPATH\Config\BaseService.php(258): CodeIgniter\Config\Services::createRequest(Object(Config\App), true)
11 SYSTEMPATH\CLI\Console.php(37): CodeIgniter\Config\BaseService::__callStatic('createRequest', [...])
12 ROOTPATH\spark(102): CodeIgniter\CLI\Console->run()
CRITICAL - 2024-01-24 04:06:27 --> ErrorException: Uncaught CodeIgniter\Exceptions\ConfigException: Config\App::$baseURL "/" is not a valid URL. in C:\xampp\htdocs\ci4\system\HTTP\SiteURI.php:199
Stack trace:
#0 C:\xampp\htdocs\ci4\system\HTTP\SiteURI.php(145): CodeIgniter\HTTP\SiteURI->normalizeBaseURL(Object(Config\App))
#1 C:\xampp\htdocs\ci4\system\HTTP\SiteURI.php(100): CodeIgniter\HTTP\SiteURI->determineBaseURL(Object(Config\App), NULL, NULL)
#2 C:\xampp\htdocs\ci4\system\HTTP\SiteURIFactory.php(224): CodeIgniter\HTTP\SiteURI->__construct(Object(Config\App), '/', NULL)
#3 C:\xampp\htdocs\ci4\system\HTTP\SiteURIFactory.php(45): CodeIgniter\HTTP\SiteURIFactory->createURIFromRoutePath('/')
#4 C:\xampp\htdocs\ci4\system\Config\Services.php(799): CodeIgniter\HTTP\SiteURIFactory->createFromGlobals()
#5 C:\xampp\htdocs\ci4\system\Config\BaseService.php(258): CodeIgniter\Config\Services::uri(NULL, false)
#6 C:\xampp\htdocs\ci4\system\Config\BaseService.php(199): CodeIgniter\Config\BaseService::__callStatic('uri', Array)
#7 C:\xampp\htdocs\ci4\system\Config\Serv
【Previous Exception】
CodeIgniter\Exceptions\ConfigException
Config\App::$baseURL "/" is not a valid URL.
#0 C:\xampp\htdocs\ci4\system\HTTP\SiteURI.php(145): CodeIgniter\HTTP\SiteURI->normalizeBaseURL(Object(Config\App))
#1 C:\xampp\htdocs\ci4\system\HTTP\SiteURI.php(100): CodeIgniter\HTTP\SiteURI->determineBaseURL(Object(Config\App), NULL, NULL)
#2 C:\xampp\htdocs\ci4\system\HTTP\CLIRequest.php(78): CodeIgniter\HTTP\SiteURI->__construct(Object(Config\App), 'serve')
#3 C:\xampp\htdocs\ci4\system\Config\Services.php(144): CodeIgniter\HTTP\CLIRequest->__construct(Object(Config\App))
#4 C:\xampp\htdocs\ci4\system\Config\BaseService.php(258): CodeIgniter\Config\Services::clirequest(Object(Config\App), false)
#5 C:\xampp\htdocs\ci4\system\Config\BaseService.php(199): CodeIgniter\Config\BaseService::__callStatic('clirequest', Array)
#6 C:\xampp\htdocs\ci4\system\Config\Services.php(139): CodeIgniter\Config\BaseService::getSharedInstance('clirequest', Object(Config\App))
#7 C:\xampp\htdocs\ci4\system\Config\BaseService.php(258): CodeIgniter\Config\Services::clirequest(Object(Config\App))
#8 C:\xampp\htdocs\ci4\system\Config\Services.php(537): CodeIgniter\Config\BaseService::__callStatic('clirequest', Array)
#9 C:\xampp\htdocs\ci4\system\Config\BaseService.php(258): CodeIgniter\Config\Services::createRequest(Object(Config\App), true)
#10 C:\xampp\htdocs\ci4\system\CLI\Console.php(37): CodeIgniter\Config\BaseService::__callStatic('createRequest', Array)
#11 C:\xampp\htdocs\ci4\spark(102): CodeIgniter\CLI\Console->run()
#12 {main}
in SYSTEMPATH\HTTP\SiteURI.php on line 199.
 1 [internal function]: CodeIgniter\Debug\Exceptions->shutdownHandler()
CRITICAL - 2024-01-24 03:37:03 --> Error: Undefined constant "base_url"
in APPPATH\Views\login.php on line 138.
 1 SYSTEMPATH\View\View.php(228): include()
 2 SYSTEMPATH\View\View.php(231): CodeIgniter\View\View->CodeIgniter\View\{closure}()
 3 SYSTEMPATH\Common.php(1178): CodeIgniter\View\View->render('login', [], true)
 4 APPPATH\Controllers\Login.php(9): view('login')
 5 SYSTEMPATH\CodeIgniter.php(941): App\Controllers\Login->index()
 6 SYSTEMPATH\CodeIgniter.php(502): CodeIgniter\CodeIgniter->runController(Object(App\Controllers\Login))
 7 SYSTEMPATH\CodeIgniter.php(361): CodeIgniter\CodeIgniter->handleRequest(null, Object(Config\Cache), false)
 8 FCPATH\index.php(79): CodeIgniter\CodeIgniter->run()
 9 SYSTEMPATH\Commands\Server\rewrite.php(47): require_once('F:\\sss\\UKK\\ci4\\public\\index.php')
CRITICAL - 2024-01-24 03:37:43 --> Error: Class "Flasher" not found
in APPPATH\Views\login.php on line 157.
 1 SYSTEMPATH\View\View.php(228): include()
 2 SYSTEMPATH\View\View.php(231): CodeIgniter\View\View->CodeIgniter\View\{closure}()
 3 SYSTEMPATH\Common.php(1178): CodeIgniter\View\View->render('login', [], true)
 4 APPPATH\Controllers\Login.php(9): view('login')
 5 SYSTEMPATH\CodeIgniter.php(941): App\Controllers\Login->index()
 6 SYSTEMPATH\CodeIgniter.php(502): CodeIgniter\CodeIgniter->runController(Object(App\Controllers\Login))
 7 SYSTEMPATH\CodeIgniter.php(361): CodeIgniter\CodeIgniter->handleRequest(null, Object(Config\Cache), false)
 8 FCPATH\index.php(79): CodeIgniter\CodeIgniter->run()
 9 SYSTEMPATH\Commands\Server\rewrite.php(47): require_once('F:\\sss\\UKK\\ci4\\public\\index.php')
