ERROR - 2024-02-03 02:15:28 --> Error connecting to the database: mysqli_sql_exception: No connection could be made because the target machine actively refused it in F:\sss\UKK\ci4\system\Database\MySQLi\Connection.php:185
Stack trace:
#0 F:\sss\UKK\ci4\system\Database\MySQLi\Connection.php(185): mysqli->real_connect('localhost', 'root', '', 'db_kasir', 3306, '', 0)
#1 F:\sss\UKK\ci4\system\Database\BaseConnection.php(392): CodeIgniter\Database\MySQLi\Connection->connect(false)
#2 F:\sss\UKK\ci4\system\Database\BaseConnection.php(575): CodeIgniter\Database\BaseConnection->initialize()
#3 F:\sss\UKK\ci4\system\Database\BaseBuilder.php(1613): CodeIgniter\Database\BaseConnection->query('SELECT *\nFROM `...', Array, false)
#4 F:\sss\UKK\ci4\system\Model.php(242): CodeIgniter\Database\BaseBuilder->get()
#5 F:\sss\UKK\ci4\system\BaseModel.php(638): CodeIgniter\Model->doFindAll(0, 0)
#6 F:\sss\UKK\ci4\app\Controllers\Produk.php(17): CodeIgniter\BaseModel->findAll()
#7 F:\sss\UKK\ci4\system\CodeIgniter.php(941): App\Controllers\Produk->index()
#8 F:\sss\UKK\ci4\system\CodeIgniter.php(502): CodeIgniter\CodeIgniter->runController(Object(App\Controllers\Produk))
#9 F:\sss\UKK\ci4\system\CodeIgniter.php(361): CodeIgniter\CodeIgniter->handleRequest(NULL, Object(Config\Cache), false)
#10 F:\sss\UKK\ci4\public\index.php(79): CodeIgniter\CodeIgniter->run()
#11 F:\sss\UKK\ci4\system\Commands\Server\rewrite.php(47): require_once('F:\\sss\\UKK\\ci4\\...')
#12 {main}

Next CodeIgniter\Database\Exceptions\DatabaseException: No connection could be made because the target machine actively refused it in F:\sss\UKK\ci4\system\Database\MySQLi\Connection.php:229
Stack trace:
#0 F:\sss\UKK\ci4\system\Database\BaseConnection.php(392): CodeIgniter\Database\MySQLi\Connection->connect(false)
#1 F:\sss\UKK\ci4\system\Database\BaseConnection.php(575): CodeIgniter\Database\BaseConnection->initialize()
#2 F:\sss\UKK\ci4\system\Database\BaseBuilder.php(1613): CodeIgniter\Database\BaseConnection->query('SELECT *\nFROM `...', Array, false)
#3 F:\sss\UKK\ci4\system\Model.php(242): CodeIgniter\Database\BaseBuilder->get()
#4 F:\sss\UKK\ci4\system\BaseModel.php(638): CodeIgniter\Model->doFindAll(0, 0)
#5 F:\sss\UKK\ci4\app\Controllers\Produk.php(17): CodeIgniter\BaseModel->findAll()
#6 F:\sss\UKK\ci4\system\CodeIgniter.php(941): App\Controllers\Produk->index()
#7 F:\sss\UKK\ci4\system\CodeIgniter.php(502): CodeIgniter\CodeIgniter->runController(Object(App\Controllers\Produk))
#8 F:\sss\UKK\ci4\system\CodeIgniter.php(361): CodeIgniter\CodeIgniter->handleRequest(NULL, Object(Config\Cache), false)
#9 F:\sss\UKK\ci4\public\index.php(79): CodeIgniter\CodeIgniter->run()
#10 F:\sss\UKK\ci4\system\Commands\Server\rewrite.php(47): require_once('F:\\sss\\UKK\\ci4\\...')
#11 {main}
CRITICAL - 2024-02-03 02:15:29 --> CodeIgniter\Database\Exceptions\DatabaseException: Unable to connect to the database.
Main connection [MySQLi]: No connection could be made because the target machine actively refused it
in SYSTEMPATH\Database\BaseConnection.php on line 428.
 1 SYSTEMPATH\Database\BaseConnection.php(575): CodeIgniter\Database\BaseConnection->initialize()
 2 SYSTEMPATH\Database\BaseBuilder.php(1613): CodeIgniter\Database\BaseConnection->query('SELECT *
FROM `tb_produk`', [], false)
 3 SYSTEMPATH\Model.php(242): CodeIgniter\Database\BaseBuilder->get()
 4 SYSTEMPATH\BaseModel.php(638): CodeIgniter\Model->doFindAll(0, 0)
 5 APPPATH\Controllers\Produk.php(17): CodeIgniter\BaseModel->findAll()
 6 SYSTEMPATH\CodeIgniter.php(941): App\Controllers\Produk->index()
 7 SYSTEMPATH\CodeIgniter.php(502): CodeIgniter\CodeIgniter->runController(Object(App\Controllers\Produk))
 8 SYSTEMPATH\CodeIgniter.php(361): CodeIgniter\CodeIgniter->handleRequest(null, Object(Config\Cache), false)
 9 FCPATH\index.php(79): CodeIgniter\CodeIgniter->run()
10 SYSTEMPATH\Commands\Server\rewrite.php(47): require_once('F:\\sss\\UKK\\ci4\\public\\index.php')
ERROR - 2024-02-03 02:15:45 --> Error connecting to the database: mysqli_sql_exception: No connection could be made because the target machine actively refused it in F:\sss\UKK\ci4\system\Database\MySQLi\Connection.php:185
Stack trace:
#0 F:\sss\UKK\ci4\system\Database\MySQLi\Connection.php(185): mysqli->real_connect('localhost', 'root', '', 'db_kasir', 3306, '', 0)
#1 F:\sss\UKK\ci4\system\Database\BaseConnection.php(392): CodeIgniter\Database\MySQLi\Connection->connect(false)
#2 F:\sss\UKK\ci4\system\Database\BaseConnection.php(575): CodeIgniter\Database\BaseConnection->initialize()
#3 F:\sss\UKK\ci4\system\Database\BaseBuilder.php(1613): CodeIgniter\Database\BaseConnection->query('SELECT *\nFROM `...', Array, false)
#4 F:\sss\UKK\ci4\system\Model.php(242): CodeIgniter\Database\BaseBuilder->get()
#5 F:\sss\UKK\ci4\system\BaseModel.php(638): CodeIgniter\Model->doFindAll(0, 0)
#6 F:\sss\UKK\ci4\app\Controllers\Pelanggan.php(17): CodeIgniter\BaseModel->findAll()
#7 F:\sss\UKK\ci4\system\CodeIgniter.php(941): App\Controllers\Pelanggan->index()
#8 F:\sss\UKK\ci4\system\CodeIgniter.php(502): CodeIgniter\CodeIgniter->runController(Object(App\Controllers\Pelanggan))
#9 F:\sss\UKK\ci4\system\CodeIgniter.php(361): CodeIgniter\CodeIgniter->handleRequest(NULL, Object(Config\Cache), false)
#10 F:\sss\UKK\ci4\public\index.php(79): CodeIgniter\CodeIgniter->run()
#11 F:\sss\UKK\ci4\system\Commands\Server\rewrite.php(47): require_once('F:\\sss\\UKK\\ci4\\...')
#12 {main}

Next CodeIgniter\Database\Exceptions\DatabaseException: No connection could be made because the target machine actively refused it in F:\sss\UKK\ci4\system\Database\MySQLi\Connection.php:229
Stack trace:
#0 F:\sss\UKK\ci4\system\Database\BaseConnection.php(392): CodeIgniter\Database\MySQLi\Connection->connect(false)
#1 F:\sss\UKK\ci4\system\Database\BaseConnection.php(575): CodeIgniter\Database\BaseConnection->initialize()
#2 F:\sss\UKK\ci4\system\Database\BaseBuilder.php(1613): CodeIgniter\Database\BaseConnection->query('SELECT *\nFROM `...', Array, false)
#3 F:\sss\UKK\ci4\system\Model.php(242): CodeIgniter\Database\BaseBuilder->get()
#4 F:\sss\UKK\ci4\system\BaseModel.php(638): CodeIgniter\Model->doFindAll(0, 0)
#5 F:\sss\UKK\ci4\app\Controllers\Pelanggan.php(17): CodeIgniter\BaseModel->findAll()
#6 F:\sss\UKK\ci4\system\CodeIgniter.php(941): App\Controllers\Pelanggan->index()
#7 F:\sss\UKK\ci4\system\CodeIgniter.php(502): CodeIgniter\CodeIgniter->runController(Object(App\Controllers\Pelanggan))
#8 F:\sss\UKK\ci4\system\CodeIgniter.php(361): CodeIgniter\CodeIgniter->handleRequest(NULL, Object(Config\Cache), false)
#9 F:\sss\UKK\ci4\public\index.php(79): CodeIgniter\CodeIgniter->run()
#10 F:\sss\UKK\ci4\system\Commands\Server\rewrite.php(47): require_once('F:\\sss\\UKK\\ci4\\...')
#11 {main}
CRITICAL - 2024-02-03 02:15:45 --> CodeIgniter\Database\Exceptions\DatabaseException: Unable to connect to the database.
Main connection [MySQLi]: No connection could be made because the target machine actively refused it
in SYSTEMPATH\Database\BaseConnection.php on line 428.
 1 SYSTEMPATH\Database\BaseConnection.php(575): CodeIgniter\Database\BaseConnection->initialize()
 2 SYSTEMPATH\Database\BaseBuilder.php(1613): CodeIgniter\Database\BaseConnection->query('SELECT *
FROM `tb_pelanggan`', [], false)
 3 SYSTEMPATH\Model.php(242): CodeIgniter\Database\BaseBuilder->get()
 4 SYSTEMPATH\BaseModel.php(638): CodeIgniter\Model->doFindAll(0, 0)
 5 APPPATH\Controllers\Pelanggan.php(17): CodeIgniter\BaseModel->findAll()
 6 SYSTEMPATH\CodeIgniter.php(941): App\Controllers\Pelanggan->index()
 7 SYSTEMPATH\CodeIgniter.php(502): CodeIgniter\CodeIgniter->runController(Object(App\Controllers\Pelanggan))
 8 SYSTEMPATH\CodeIgniter.php(361): CodeIgniter\CodeIgniter->handleRequest(null, Object(Config\Cache), false)
 9 FCPATH\index.php(79): CodeIgniter\CodeIgniter->run()
10 SYSTEMPATH\Commands\Server\rewrite.php(47): require_once('F:\\sss\\UKK\\ci4\\public\\index.php')
